<?xml version="1.0" encoding="UTF-8"?>
<!-- Generated by org.testng.reporters.JUnitReportReporter -->
<testsuite hostname="DESKTOP-EP300T1" failures="0" tests="1" name="testcase.TC007_BottomLink" time="38.100" errors="0" timestamp="2023-12-20T09:22:41 IST" skipped="0">
  <testcase classname="testcase.TC007_BottomLink" name="BottomLink" time="38.100"/>
  <system-out/>
</testsuite> <!-- testcase.TC007_BottomLink -->
