<?xml version="1.0" encoding="UTF-8"?>
<!-- Generated by org.testng.reporters.JUnitReportReporter -->
<testsuite hostname="DESKTOP-EP300T1" failures="0" tests="1" name="testcase.TC006_BrokenLink" time="76.312" errors="0" timestamp="2023-12-20T09:22:42 IST" skipped="0">
  <testcase classname="testcase.TC006_BrokenLink" name="brokenLink" time="76.312"/>
  <system-out/>
</testsuite> <!-- testcase.TC006_BrokenLink -->
