<?xml version="1.0" encoding="UTF-8"?>
<!-- Generated by org.testng.reporters.JUnitReportReporter -->
<testsuite hostname="DESKTOP-EP300T1" failures="0" tests="1" name="testcase.TC003_RegisterNegative" time="0.000" errors="0" timestamp="2023-12-13T19:49:09 IST" skipped="1">
  <testcase classname="testcase.TC003_RegisterNegative" name="registerNegative" time="0.000">
    <skipped/>
  </testcase> <!-- registerNegative -->
  <system-out/>
</testsuite> <!-- testcase.TC003_RegisterNegative -->
