<?xml version="1.0" encoding="UTF-8"?>
<!-- Generated by org.testng.reporters.JUnitReportReporter -->
<testsuite hostname="DESKTOP-EP300T1" failures="0" tests="1" name="testcase.TC005_BrokenLink" time="95.230" errors="0" timestamp="2023-12-09T12:02:46 IST" skipped="0">
  <testcase classname="testcase.TC005_BrokenLink" name="brokenLink" time="95.230"/>
  <system-out/>
</testsuite> <!-- testcase.TC005_BrokenLink -->
