<?xml version="1.0" encoding="UTF-8"?>
<!-- Generated by org.testng.reporters.JUnitReportReporter -->
<testsuite hostname="DESKTOP-EP300T1" failures="0" tests="1" name="testcase.TC001_ChooseCountry" time="60.130" errors="0" timestamp="2023-12-20T09:22:41 IST" skipped="0">
  <testcase classname="testcase.TC001_ChooseCountry" name="clickCountry" time="60.130"/>
  <system-out/>
</testsuite> <!-- testcase.TC001_ChooseCountry -->
