<?xml version="1.0" encoding="UTF-8"?>
<!-- Generated by org.testng.reporters.JUnitReportReporter -->
<testsuite hostname="DESKTOP-EP300T1" failures="0" tests="1" name="testcase.TC005_SignInNega" time="62.592" errors="0" timestamp="2023-12-20T09:22:41 IST" skipped="0">
  <testcase classname="testcase.TC005_SignInNega" name="signInTestNega" time="62.592"/>
  <system-out/>
</testsuite> <!-- testcase.TC005_SignInNega -->
